<?xml version="1.0" encoding="UTF-8"?>
<!-- Generated by org.testng.reporters.JUnitXMLReporter -->
<testsuite ignored="0" hostname="Simrans-Air" failures="0" tests="9" name="Default test" time="4.71" errors="0" timestamp="2023-09-09T02:56:11 EDT">
  <testcase classname="com.petstore.api.test.DataDrivenTest" name="postRequest" time="2.565"/>
  <testcase classname="com.petstore.api.test.DataDrivenTest" name="postRequest" time="0.173"/>
  <testcase classname="com.petstore.api.test.DataDrivenTest" name="postRequest" time="0.175"/>
  <testcase classname="com.petstore.api.test.DataDrivenTest" name="testGetUser" time="0.189"/>
  <testcase classname="com.petstore.api.test.DataDrivenTest" name="testGetUser" time="0.162"/>
  <testcase classname="com.petstore.api.test.DataDrivenTest" name="testGetUser" time="0.162"/>
  <testcase classname="com.petstore.api.test.DataDrivenTest" name="testDeleteUser" time="0.144"/>
  <testcase classname="com.petstore.api.test.DataDrivenTest" name="testDeleteUser" time="0.15"/>
  <testcase classname="com.petstore.api.test.DataDrivenTest" name="testDeleteUser" time="0.157"/>
</testsuite> <!-- Default test -->
