<?xml version="1.0" encoding="UTF-8"?>
<!-- Generated by org.testng.reporters.JUnitXMLReporter -->
<testsuite ignored="0" hostname="Simrans-Air" failures="0" tests="9" name="Default test" time="4.653" errors="0" timestamp="2023-09-09T03:52:58 EDT">
  <testcase classname="com.petstore.api.test.DataDrivenTest" name="postRequest" time="2.173"/>
  <testcase classname="com.petstore.api.test.DataDrivenTest" name="postRequest" time="0.167"/>
  <testcase classname="com.petstore.api.test.DataDrivenTest" name="postRequest" time="0.155"/>
  <testcase classname="com.petstore.api.test.DataDrivenTest" name="testGetUser" time="0.188"/>
  <testcase classname="com.petstore.api.test.DataDrivenTest" name="testGetUser" time="0.159"/>
  <testcase classname="com.petstore.api.test.DataDrivenTest" name="testGetUser" time="0.167"/>
  <testcase classname="com.petstore.api.test.DataDrivenTest" name="testDeleteUser" time="0.167"/>
  <testcase classname="com.petstore.api.test.DataDrivenTest" name="testDeleteUser" time="0.161"/>
  <testcase classname="com.petstore.api.test.DataDrivenTest" name="testDeleteUser" time="0.151"/>
</testsuite> <!-- Default test -->
