<?xml version="1.0" encoding="UTF-8"?>
<!-- Generated by org.testng.reporters.JUnitXMLReporter -->
<testsuite ignored="0" hostname="Simrans-Air" failures="0" tests="15" name="InitialTest" time="6.166" errors="0" timestamp="2023-09-09T03:57:17 EDT">
  <testcase classname="com.petstore.api.test.UserTest" name="testPostUser" time="2.999"/>
  <testcase classname="com.petstore.api.test.UserTest" name="testGetUser" time="0.175"/>
  <testcase classname="com.petstore.api.test.UserTest" name="testPutUser" time="0.209"/>
  <testcase classname="com.petstore.api.test.UserTest" name="testGetUserAfterUpdate" time="0.151"/>
  <testcase classname="com.petstore.api.test.UserTest" name="testDeleteUser" time="0.152"/>
  <testcase classname="com.petstore.api.test.UserTest" name="testGetUserAfterDelete" time="0.191"/>
  <testcase classname="com.petstore.api.test.DataDrivenTest" name="postRequest" time="0.158"/>
  <testcase classname="com.petstore.api.test.DataDrivenTest" name="postRequest" time="0.166"/>
  <testcase classname="com.petstore.api.test.DataDrivenTest" name="postRequest" time="0.154"/>
  <testcase classname="com.petstore.api.test.DataDrivenTest" name="testGetUser" time="0.16"/>
  <testcase classname="com.petstore.api.test.DataDrivenTest" name="testGetUser" time="0.156"/>
  <testcase classname="com.petstore.api.test.DataDrivenTest" name="testGetUser" time="0.154"/>
  <testcase classname="com.petstore.api.test.DataDrivenTest" name="testDeleteUser" time="0.153"/>
  <testcase classname="com.petstore.api.test.DataDrivenTest" name="testDeleteUser" time="0.16"/>
  <testcase classname="com.petstore.api.test.DataDrivenTest" name="testDeleteUser" time="0.155"/>
</testsuite> <!-- InitialTest -->
