<?xml version="1.0" encoding="UTF-8"?>
<!-- Generated by org.testng.reporters.JUnitXMLReporter -->
<testsuite ignored="0" hostname="Simrans-Air" failures="0" tests="15" name="Test" time="5.997" errors="0" timestamp="2023-09-09T04:06:03 EDT">
  <testcase classname="com.petstore.api.test.UserTest" name="testPostUser" time="2.803"/>
  <testcase classname="com.petstore.api.test.UserTest" name="testGetUser" time="0.174"/>
  <testcase classname="com.petstore.api.test.UserTest" name="testPutUser" time="0.189"/>
  <testcase classname="com.petstore.api.test.UserTest" name="testGetUserAfterUpdate" time="0.171"/>
  <testcase classname="com.petstore.api.test.UserTest" name="testDeleteUser" time="0.155"/>
  <testcase classname="com.petstore.api.test.UserTest" name="testGetUserAfterDelete" time="0.205"/>
  <testcase classname="com.petstore.api.test.DataDrivenTest" name="postRequest" time="0.154"/>
  <testcase classname="com.petstore.api.test.DataDrivenTest" name="postRequest" time="0.157"/>
  <testcase classname="com.petstore.api.test.DataDrivenTest" name="postRequest" time="0.153"/>
  <testcase classname="com.petstore.api.test.DataDrivenTest" name="testGetUser" time="0.142"/>
  <testcase classname="com.petstore.api.test.DataDrivenTest" name="testGetUser" time="0.154"/>
  <testcase classname="com.petstore.api.test.DataDrivenTest" name="testGetUser" time="0.163"/>
  <testcase classname="com.petstore.api.test.DataDrivenTest" name="testDeleteUser" time="0.151"/>
  <testcase classname="com.petstore.api.test.DataDrivenTest" name="testDeleteUser" time="0.161"/>
  <testcase classname="com.petstore.api.test.DataDrivenTest" name="testDeleteUser" time="0.161"/>
</testsuite> <!-- Test -->
