<?xml version="1.0" encoding="UTF-8"?>
<testsuite xmlns:xsi="http://www.w3.org/2001/XMLSchema-instance" xsi:noNamespaceSchemaLocation="https://maven.apache.org/surefire/maven-surefire-plugin/xsd/surefire-test-report-3.0.xsd" version="3.0" name="TestSuite" time="6.638" tests="15" errors="0" skipped="0" failures="0">
  <properties>
[...]
</properties>
  <testcase name="testPostUser" classname="com.petstore.api.test.UserTest" time="2.803">
    <system-out><![CDATA[bryan.tromp
HTTP/1.1 200 OK
Date: Sat, 09 Sep 2023 08:06:00 GMT
Content-Type: application/json
Transfer-Encoding: chunked
Connection: keep-alive
Access-Control-Allow-Origin: *
Access-Control-Allow-Methods: GET, POST, DELETE, PUT
Access-Control-Allow-Headers: Content-Type, api_key, Authorization
Server: Jetty(9.2.9.v20150224)

{
    "code": 200,
    "type": "unknown",
    "message": "871790326"
}
]]></system-out>
    <system-err><![CDATA[SLF4J: Failed to load class "org.slf4j.impl.StaticLoggerBinder".
SLF4J: Defaulting to no-operation (NOP) logger implementation
SLF4J: See http://www.slf4j.org/codes.html#StaticLoggerBinder for further details.
]]></system-err>
  </testcase>
  <testcase name="testGetUser" classname="com.petstore.api.test.UserTest" time="0.175">
    <system-out><![CDATA[HTTP/1.1 200 OK
Date: Sat, 09 Sep 2023 08:06:00 GMT
Content-Type: application/json
Transfer-Encoding: chunked
Connection: keep-alive
Access-Control-Allow-Origin: *
Access-Control-Allow-Methods: GET, POST, DELETE, PUT
Access-Control-Allow-Headers: Content-Type, api_key, Authorization
Server: Jetty(9.2.9.v20150224)

{
    "id": 871790326,
    "username": "bryan.tromp",
    "firstName": "Catarina",
    "lastName": "Jacobi",
    "email": "evelin.walter@example.com",
    "password": "zfe4yc7",
    "phone": "259.873.0502",
    "userStatus": 0
}
]]></system-out>
  </testcase>
  <testcase name="testPutUser" classname="com.petstore.api.test.UserTest" time="0.191">
    <system-out><![CDATA[HTTP/1.1 200 OK
Date: Sat, 09 Sep 2023 08:06:01 GMT
Content-Type: application/json
Transfer-Encoding: chunked
Connection: keep-alive
Access-Control-Allow-Origin: *
Access-Control-Allow-Methods: GET, POST, DELETE, PUT
Access-Control-Allow-Headers: Content-Type, api_key, Authorization
Server: Jetty(9.2.9.v20150224)

{
    "code": 200,
    "type": "unknown",
    "message": "871790326"
}
]]></system-out>
  </testcase>
  <testcase name="testGetUserAfterUpdate" classname="com.petstore.api.test.UserTest" time="0.172">
    <system-out><![CDATA[HTTP/1.1 200 OK
Date: Sat, 09 Sep 2023 08:06:01 GMT
Content-Type: application/json
Transfer-Encoding: chunked
Connection: keep-alive
Access-Control-Allow-Origin: *
Access-Control-Allow-Methods: GET, POST, DELETE, PUT
Access-Control-Allow-Headers: Content-Type, api_key, Authorization
Server: Jetty(9.2.9.v20150224)

{
    "id": 871790326,
    "username": "bryan.tromp",
    "firstName": "Clarence",
    "lastName": "Rohan",
    "email": "evelin.walter@example.com",
    "password": "zfe4yc7",
    "phone": "259.873.0502",
    "userStatus": 0
}
]]></system-out>
  </testcase>
  <testcase name="testDeleteUser" classname="com.petstore.api.test.UserTest" time="0.156">
    <system-out><![CDATA[HTTP/1.1 200 OK
Date: Sat, 09 Sep 2023 08:06:01 GMT
Content-Type: application/json
Transfer-Encoding: chunked
Connection: keep-alive
Access-Control-Allow-Origin: *
Access-Control-Allow-Methods: GET, POST, DELETE, PUT
Access-Control-Allow-Headers: Content-Type, api_key, Authorization
Server: Jetty(9.2.9.v20150224)

{
    "code": 200,
    "type": "unknown",
    "message": "bryan.tromp"
}
]]></system-out>
  </testcase>
  <testcase name="testGetUserAfterDelete" classname="com.petstore.api.test.UserTest" time="0.204"/>
  <testcase name="postRequest[1001.0, gomni.don, gomni, Don, gomnidon123@gmail.com, gomni123, 67487.0](1)" classname="com.petstore.api.test.DataDrivenTest" time="0.154">
    <system-out><![CDATA[{
    "code": 200,
    "type": "unknown",
    "message": "1001"
}
]]></system-out>
  </testcase>
  <testcase name="postRequest[1321.0, juggu.ghumna, juggu, ghumman, juggughuman123@gmail.com, juggu123, 2132412.0](2)" classname="com.petstore.api.test.DataDrivenTest" time="0.157">
    <system-out><![CDATA[{
    "code": 200,
    "type": "unknown",
    "message": "1321"
}
]]></system-out>
  </testcase>
  <testcase name="postRequest[21312.0, deepan.singh, deepan, singh, deepansingh1234@gmail.com, deepansingh123, 23423.0](3)" classname="com.petstore.api.test.DataDrivenTest" time="0.154">
    <system-out><![CDATA[{
    "code": 200,
    "type": "unknown",
    "message": "21312"
}
]]></system-out>
  </testcase>
  <testcase name="testGetUser[gomni.don](1)" classname="com.petstore.api.test.DataDrivenTest" time="0.142">
    <system-out><![CDATA[gomni.don
HTTP/1.1 200 OK
Date: Sat, 09 Sep 2023 08:06:03 GMT
Content-Type: application/json
Transfer-Encoding: chunked
Connection: keep-alive
Access-Control-Allow-Origin: *
Access-Control-Allow-Methods: GET, POST, DELETE, PUT
Access-Control-Allow-Headers: Content-Type, api_key, Authorization
Server: Jetty(9.2.9.v20150224)

{
    "id": 1001,
    "username": "gomni.don",
    "firstName": "gomni",
    "lastName": "Don",
    "email": "gomnidon123@gmail.com",
    "password": "gomni123",
    "phone": "67487.0",
    "userStatus": 0
}
]]></system-out>
  </testcase>
  <testcase name="testGetUser[juggu.ghumna](2)" classname="com.petstore.api.test.DataDrivenTest" time="0.156">
    <system-out><![CDATA[juggu.ghumna
HTTP/1.1 200 OK
Date: Sat, 09 Sep 2023 08:06:03 GMT
Content-Type: application/json
Transfer-Encoding: chunked
Connection: keep-alive
Access-Control-Allow-Origin: *
Access-Control-Allow-Methods: GET, POST, DELETE, PUT
Access-Control-Allow-Headers: Content-Type, api_key, Authorization
Server: Jetty(9.2.9.v20150224)

{
    "id": 1321,
    "username": "juggu.ghumna",
    "firstName": "juggu",
    "lastName": "ghumman",
    "email": "juggughuman123@gmail.com",
    "password": "juggu123",
    "phone": "2132412.0",
    "userStatus": 0
}
]]></system-out>
  </testcase>
  <testcase name="testGetUser[deepan.singh](3)" classname="com.petstore.api.test.DataDrivenTest" time="0.163">
    <system-out><![CDATA[deepan.singh
HTTP/1.1 200 OK
Date: Sat, 09 Sep 2023 08:06:03 GMT
Content-Type: application/json
Transfer-Encoding: chunked
Connection: keep-alive
Access-Control-Allow-Origin: *
Access-Control-Allow-Methods: GET, POST, DELETE, PUT
Access-Control-Allow-Headers: Content-Type, api_key, Authorization
Server: Jetty(9.2.9.v20150224)

{
    "id": 21312,
    "username": "deepan.singh",
    "firstName": "deepan",
    "lastName": "singh",
    "email": "deepansingh1234@gmail.com",
    "password": "deepansingh123",
    "phone": "23423.0",
    "userStatus": 0
}
]]></system-out>
  </testcase>
  <testcase name="testDeleteUser[gomni.don](1)" classname="com.petstore.api.test.DataDrivenTest" time="0.152">
    <system-out><![CDATA[gomni.don
HTTP/1.1 200 OK
Date: Sat, 09 Sep 2023 08:06:03 GMT
Content-Type: application/json
Transfer-Encoding: chunked
Connection: keep-alive
Access-Control-Allow-Origin: *
Access-Control-Allow-Methods: GET, POST, DELETE, PUT
Access-Control-Allow-Headers: Content-Type, api_key, Authorization
Server: Jetty(9.2.9.v20150224)

{
    "code": 200,
    "type": "unknown",
    "message": "gomni.don"
}
]]></system-out>
  </testcase>
  <testcase name="testDeleteUser[juggu.ghumna](2)" classname="com.petstore.api.test.DataDrivenTest" time="0.161">
    <system-out><![CDATA[juggu.ghumna
HTTP/1.1 200 OK
Date: Sat, 09 Sep 2023 08:06:03 GMT
Content-Type: application/json
Transfer-Encoding: chunked
Connection: keep-alive
Access-Control-Allow-Origin: *
Access-Control-Allow-Methods: GET, POST, DELETE, PUT
Access-Control-Allow-Headers: Content-Type, api_key, Authorization
Server: Jetty(9.2.9.v20150224)

{
    "code": 200,
    "type": "unknown",
    "message": "juggu.ghumna"
}
]]></system-out>
  </testcase>
  <testcase name="testDeleteUser[deepan.singh](3)" classname="com.petstore.api.test.DataDrivenTest" time="0.162">
    <system-out><![CDATA[deepan.singh
HTTP/1.1 200 OK
Date: Sat, 09 Sep 2023 08:06:03 GMT
Content-Type: application/json
Transfer-Encoding: chunked
Connection: keep-alive
Access-Control-Allow-Origin: *
Access-Control-Allow-Methods: GET, POST, DELETE, PUT
Access-Control-Allow-Headers: Content-Type, api_key, Authorization
Server: Jetty(9.2.9.v20150224)

{
    "code": 200,
    "type": "unknown",
    "message": "deepan.singh"
}
]]></system-out>
  </testcase>
</testsuite>