<?xml version="1.0" encoding="UTF-8"?>
<testng-results ignored="0" total="9" passed="9" failed="0" skipped="0">
  <reporter-output>
  </reporter-output>
  <suite started-at="2023-09-09T03:52:53 EDT" name="Default suite" finished-at="2023-09-09T03:52:58 EDT" duration-ms="4653">
    <groups>
    </groups>
    <test started-at="2023-09-09T03:52:53 EDT" name="Default test" finished-at="2023-09-09T03:52:58 EDT" duration-ms="4653">
      <class name="com.petstore.api.test.DataDrivenTest">
        <test-method signature="postRequest(double,java.lang.String,java.lang.String,java.lang.String,java.lang.String,java.lang.String,double)[pri:1, instance:com.petstore.api.test.DataDrivenTest@5b03b9fe]" started-at="2023-09-09T03:52:54 EDT" name="postRequest" data-provider="fetchAllData" finished-at="2023-09-09T03:52:56 EDT" duration-ms="2173" status="PASS">
          <params>
            <param index="0">
              <value>
                <![CDATA[1001.0]]>
              </value>
            </param>
            <param index="1">
              <value>
                <![CDATA[gomni.don]]>
              </value>
            </param>
            <param index="2">
              <value>
                <![CDATA[gomni]]>
              </value>
            </param>
            <param index="3">
              <value>
                <![CDATA[Don]]>
              </value>
            </param>
            <param index="4">
              <value>
                <![CDATA[gomnidon123@gmail.com]]>
              </value>
            </param>
            <param index="5">
              <value>
                <![CDATA[gomni123]]>
              </value>
            </param>
            <param index="6">
              <value>
                <![CDATA[67487.0]]>
              </value>
            </param>
          </params>
          <reporter-output>
          </reporter-output>
        </test-method> <!-- postRequest -->
        <test-method signature="postRequest(double,java.lang.String,java.lang.String,java.lang.String,java.lang.String,java.lang.String,double)[pri:1, instance:com.petstore.api.test.DataDrivenTest@5b03b9fe]" started-at="2023-09-09T03:52:56 EDT" name="postRequest" data-provider="fetchAllData" finished-at="2023-09-09T03:52:56 EDT" duration-ms="167" status="PASS">
          <params>
            <param index="0">
              <value>
                <![CDATA[1321.0]]>
              </value>
            </param>
            <param index="1">
              <value>
                <![CDATA[juggu.ghumna]]>
              </value>
            </param>
            <param index="2">
              <value>
                <![CDATA[juggu]]>
              </value>
            </param>
            <param index="3">
              <value>
                <![CDATA[ghumman]]>
              </value>
            </param>
            <param index="4">
              <value>
                <![CDATA[juggughuman123@gmail.com]]>
              </value>
            </param>
            <param index="5">
              <value>
                <![CDATA[juggu123]]>
              </value>
            </param>
            <param index="6">
              <value>
                <![CDATA[2132412.0]]>
              </value>
            </param>
          </params>
          <reporter-output>
          </reporter-output>
        </test-method> <!-- postRequest -->
        <test-method signature="postRequest(double,java.lang.String,java.lang.String,java.lang.String,java.lang.String,java.lang.String,double)[pri:1, instance:com.petstore.api.test.DataDrivenTest@5b03b9fe]" started-at="2023-09-09T03:52:56 EDT" name="postRequest" data-provider="fetchAllData" finished-at="2023-09-09T03:52:57 EDT" duration-ms="155" status="PASS">
          <params>
            <param index="0">
              <value>
                <![CDATA[21312.0]]>
              </value>
            </param>
            <param index="1">
              <value>
                <![CDATA[deepan.singh]]>
              </value>
            </param>
            <param index="2">
              <value>
                <![CDATA[deepan]]>
              </value>
            </param>
            <param index="3">
              <value>
                <![CDATA[singh]]>
              </value>
            </param>
            <param index="4">
              <value>
                <![CDATA[deepansingh1234@gmail.com]]>
              </value>
            </param>
            <param index="5">
              <value>
                <![CDATA[deepansingh123]]>
              </value>
            </param>
            <param index="6">
              <value>
                <![CDATA[23423.0]]>
              </value>
            </param>
          </params>
          <reporter-output>
          </reporter-output>
        </test-method> <!-- postRequest -->
        <test-method signature="testGetUser(java.lang.String)[pri:2, instance:com.petstore.api.test.DataDrivenTest@5b03b9fe]" started-at="2023-09-09T03:52:57 EDT" name="testGetUser" data-provider="fetchUserName" finished-at="2023-09-09T03:52:57 EDT" duration-ms="188" status="PASS">
          <params>
            <param index="0">
              <value>
                <![CDATA[gomni.don]]>
              </value>
            </param>
          </params>
          <reporter-output>
          </reporter-output>
        </test-method> <!-- testGetUser -->
        <test-method signature="testGetUser(java.lang.String)[pri:2, instance:com.petstore.api.test.DataDrivenTest@5b03b9fe]" started-at="2023-09-09T03:52:57 EDT" name="testGetUser" data-provider="fetchUserName" finished-at="2023-09-09T03:52:57 EDT" duration-ms="159" status="PASS">
          <params>
            <param index="0">
              <value>
                <![CDATA[juggu.ghumna]]>
              </value>
            </param>
          </params>
          <reporter-output>
          </reporter-output>
        </test-method> <!-- testGetUser -->
        <test-method signature="testGetUser(java.lang.String)[pri:2, instance:com.petstore.api.test.DataDrivenTest@5b03b9fe]" started-at="2023-09-09T03:52:57 EDT" name="testGetUser" data-provider="fetchUserName" finished-at="2023-09-09T03:52:57 EDT" duration-ms="167" status="PASS">
          <params>
            <param index="0">
              <value>
                <![CDATA[deepan.singh]]>
              </value>
            </param>
          </params>
          <reporter-output>
          </reporter-output>
        </test-method> <!-- testGetUser -->
        <test-method signature="testDeleteUser(java.lang.String)[pri:3, instance:com.petstore.api.test.DataDrivenTest@5b03b9fe]" started-at="2023-09-09T03:52:57 EDT" name="testDeleteUser" data-provider="fetchUserName" finished-at="2023-09-09T03:52:57 EDT" duration-ms="167" status="PASS">
          <params>
            <param index="0">
              <value>
                <![CDATA[gomni.don]]>
              </value>
            </param>
          </params>
          <reporter-output>
          </reporter-output>
        </test-method> <!-- testDeleteUser -->
        <test-method signature="testDeleteUser(java.lang.String)[pri:3, instance:com.petstore.api.test.DataDrivenTest@5b03b9fe]" started-at="2023-09-09T03:52:57 EDT" name="testDeleteUser" data-provider="fetchUserName" finished-at="2023-09-09T03:52:58 EDT" duration-ms="161" status="PASS">
          <params>
            <param index="0">
              <value>
                <![CDATA[juggu.ghumna]]>
              </value>
            </param>
          </params>
          <reporter-output>
          </reporter-output>
        </test-method> <!-- testDeleteUser -->
        <test-method signature="testDeleteUser(java.lang.String)[pri:3, instance:com.petstore.api.test.DataDrivenTest@5b03b9fe]" started-at="2023-09-09T03:52:58 EDT" name="testDeleteUser" data-provider="fetchUserName" finished-at="2023-09-09T03:52:58 EDT" duration-ms="151" status="PASS">
          <params>
            <param index="0">
              <value>
                <![CDATA[deepan.singh]]>
              </value>
            </param>
          </params>
          <reporter-output>
          </reporter-output>
        </test-method> <!-- testDeleteUser -->
      </class> <!-- com.petstore.api.test.DataDrivenTest -->
    </test> <!-- Default test -->
  </suite> <!-- Default suite -->
</testng-results>
