<?xml version="1.0" encoding="UTF-8"?>
<testng-results ignored="0" total="15" passed="15" failed="0" skipped="0">
  <reporter-output>
  </reporter-output>
  <suite started-at="2023-09-09T03:57:11 EDT" name="Suite" finished-at="2023-09-09T03:57:17 EDT" duration-ms="6166">
    <groups>
    </groups>
    <test started-at="2023-09-09T03:57:11 EDT" name="InitialTest" finished-at="2023-09-09T03:57:17 EDT" duration-ms="6166">
      <class name="com.petstore.api.test.UserTest">
        <test-method signature="testPostUser()[pri:1, instance:com.petstore.api.test.UserTest@3a44431a]" started-at="2023-09-09T03:57:11 EDT" name="testPostUser" finished-at="2023-09-09T03:57:14 EDT" duration-ms="2999" status="PASS">
          <reporter-output>
          </reporter-output>
        </test-method> <!-- testPostUser -->
        <test-method signature="testGetUser()[pri:2, instance:com.petstore.api.test.UserTest@3a44431a]" started-at="2023-09-09T03:57:14 EDT" name="testGetUser" finished-at="2023-09-09T03:57:14 EDT" duration-ms="175" status="PASS">
          <reporter-output>
          </reporter-output>
        </test-method> <!-- testGetUser -->
        <test-method signature="testPutUser()[pri:3, instance:com.petstore.api.test.UserTest@3a44431a]" started-at="2023-09-09T03:57:14 EDT" name="testPutUser" finished-at="2023-09-09T03:57:14 EDT" duration-ms="209" status="PASS">
          <reporter-output>
          </reporter-output>
        </test-method> <!-- testPutUser -->
        <test-method signature="testGetUserAfterUpdate()[pri:4, instance:com.petstore.api.test.UserTest@3a44431a]" started-at="2023-09-09T03:57:14 EDT" name="testGetUserAfterUpdate" finished-at="2023-09-09T03:57:14 EDT" duration-ms="151" status="PASS">
          <reporter-output>
          </reporter-output>
        </test-method> <!-- testGetUserAfterUpdate -->
        <test-method signature="testDeleteUser()[pri:5, instance:com.petstore.api.test.UserTest@3a44431a]" started-at="2023-09-09T03:57:14 EDT" name="testDeleteUser" finished-at="2023-09-09T03:57:14 EDT" duration-ms="152" status="PASS">
          <reporter-output>
          </reporter-output>
        </test-method> <!-- testDeleteUser -->
        <test-method signature="testGetUserAfterDelete()[pri:6, instance:com.petstore.api.test.UserTest@3a44431a]" started-at="2023-09-09T03:57:14 EDT" name="testGetUserAfterDelete" finished-at="2023-09-09T03:57:15 EDT" duration-ms="191" status="PASS">
          <reporter-output>
          </reporter-output>
        </test-method> <!-- testGetUserAfterDelete -->
      </class> <!-- com.petstore.api.test.UserTest -->
      <class name="com.petstore.api.test.DataDrivenTest">
        <test-method signature="postRequest(double,java.lang.String,java.lang.String,java.lang.String,java.lang.String,java.lang.String,double)[pri:1, instance:com.petstore.api.test.DataDrivenTest@201a4587]" started-at="2023-09-09T03:57:15 EDT" name="postRequest" data-provider="fetchAllData" finished-at="2023-09-09T03:57:15 EDT" duration-ms="158" status="PASS">
          <params>
            <param index="0">
              <value>
                <![CDATA[1001.0]]>
              </value>
            </param>
            <param index="1">
              <value>
                <![CDATA[gomni.don]]>
              </value>
            </param>
            <param index="2">
              <value>
                <![CDATA[gomni]]>
              </value>
            </param>
            <param index="3">
              <value>
                <![CDATA[Don]]>
              </value>
            </param>
            <param index="4">
              <value>
                <![CDATA[gomnidon123@gmail.com]]>
              </value>
            </param>
            <param index="5">
              <value>
                <![CDATA[gomni123]]>
              </value>
            </param>
            <param index="6">
              <value>
                <![CDATA[67487.0]]>
              </value>
            </param>
          </params>
          <reporter-output>
          </reporter-output>
        </test-method> <!-- postRequest -->
        <test-method signature="postRequest(double,java.lang.String,java.lang.String,java.lang.String,java.lang.String,java.lang.String,double)[pri:1, instance:com.petstore.api.test.DataDrivenTest@201a4587]" started-at="2023-09-09T03:57:15 EDT" name="postRequest" data-provider="fetchAllData" finished-at="2023-09-09T03:57:16 EDT" duration-ms="166" status="PASS">
          <params>
            <param index="0">
              <value>
                <![CDATA[1321.0]]>
              </value>
            </param>
            <param index="1">
              <value>
                <![CDATA[juggu.ghumna]]>
              </value>
            </param>
            <param index="2">
              <value>
                <![CDATA[juggu]]>
              </value>
            </param>
            <param index="3">
              <value>
                <![CDATA[ghumman]]>
              </value>
            </param>
            <param index="4">
              <value>
                <![CDATA[juggughuman123@gmail.com]]>
              </value>
            </param>
            <param index="5">
              <value>
                <![CDATA[juggu123]]>
              </value>
            </param>
            <param index="6">
              <value>
                <![CDATA[2132412.0]]>
              </value>
            </param>
          </params>
          <reporter-output>
          </reporter-output>
        </test-method> <!-- postRequest -->
        <test-method signature="postRequest(double,java.lang.String,java.lang.String,java.lang.String,java.lang.String,java.lang.String,double)[pri:1, instance:com.petstore.api.test.DataDrivenTest@201a4587]" started-at="2023-09-09T03:57:16 EDT" name="postRequest" data-provider="fetchAllData" finished-at="2023-09-09T03:57:16 EDT" duration-ms="154" status="PASS">
          <params>
            <param index="0">
              <value>
                <![CDATA[21312.0]]>
              </value>
            </param>
            <param index="1">
              <value>
                <![CDATA[deepan.singh]]>
              </value>
            </param>
            <param index="2">
              <value>
                <![CDATA[deepan]]>
              </value>
            </param>
            <param index="3">
              <value>
                <![CDATA[singh]]>
              </value>
            </param>
            <param index="4">
              <value>
                <![CDATA[deepansingh1234@gmail.com]]>
              </value>
            </param>
            <param index="5">
              <value>
                <![CDATA[deepansingh123]]>
              </value>
            </param>
            <param index="6">
              <value>
                <![CDATA[23423.0]]>
              </value>
            </param>
          </params>
          <reporter-output>
          </reporter-output>
        </test-method> <!-- postRequest -->
        <test-method signature="testGetUser(java.lang.String)[pri:2, instance:com.petstore.api.test.DataDrivenTest@201a4587]" started-at="2023-09-09T03:57:16 EDT" name="testGetUser" data-provider="fetchUserName" finished-at="2023-09-09T03:57:16 EDT" duration-ms="160" status="PASS">
          <params>
            <param index="0">
              <value>
                <![CDATA[gomni.don]]>
              </value>
            </param>
          </params>
          <reporter-output>
          </reporter-output>
        </test-method> <!-- testGetUser -->
        <test-method signature="testGetUser(java.lang.String)[pri:2, instance:com.petstore.api.test.DataDrivenTest@201a4587]" started-at="2023-09-09T03:57:16 EDT" name="testGetUser" data-provider="fetchUserName" finished-at="2023-09-09T03:57:16 EDT" duration-ms="156" status="PASS">
          <params>
            <param index="0">
              <value>
                <![CDATA[juggu.ghumna]]>
              </value>
            </param>
          </params>
          <reporter-output>
          </reporter-output>
        </test-method> <!-- testGetUser -->
        <test-method signature="testGetUser(java.lang.String)[pri:2, instance:com.petstore.api.test.DataDrivenTest@201a4587]" started-at="2023-09-09T03:57:16 EDT" name="testGetUser" data-provider="fetchUserName" finished-at="2023-09-09T03:57:16 EDT" duration-ms="154" status="PASS">
          <params>
            <param index="0">
              <value>
                <![CDATA[deepan.singh]]>
              </value>
            </param>
          </params>
          <reporter-output>
          </reporter-output>
        </test-method> <!-- testGetUser -->
        <test-method signature="testDeleteUser(java.lang.String)[pri:3, instance:com.petstore.api.test.DataDrivenTest@201a4587]" started-at="2023-09-09T03:57:16 EDT" name="testDeleteUser" data-provider="fetchUserName" finished-at="2023-09-09T03:57:16 EDT" duration-ms="153" status="PASS">
          <params>
            <param index="0">
              <value>
                <![CDATA[gomni.don]]>
              </value>
            </param>
          </params>
          <reporter-output>
          </reporter-output>
        </test-method> <!-- testDeleteUser -->
        <test-method signature="testDeleteUser(java.lang.String)[pri:3, instance:com.petstore.api.test.DataDrivenTest@201a4587]" started-at="2023-09-09T03:57:16 EDT" name="testDeleteUser" data-provider="fetchUserName" finished-at="2023-09-09T03:57:17 EDT" duration-ms="160" status="PASS">
          <params>
            <param index="0">
              <value>
                <![CDATA[juggu.ghumna]]>
              </value>
            </param>
          </params>
          <reporter-output>
          </reporter-output>
        </test-method> <!-- testDeleteUser -->
        <test-method signature="testDeleteUser(java.lang.String)[pri:3, instance:com.petstore.api.test.DataDrivenTest@201a4587]" started-at="2023-09-09T03:57:17 EDT" name="testDeleteUser" data-provider="fetchUserName" finished-at="2023-09-09T03:57:17 EDT" duration-ms="155" status="PASS">
          <params>
            <param index="0">
              <value>
                <![CDATA[deepan.singh]]>
              </value>
            </param>
          </params>
          <reporter-output>
          </reporter-output>
        </test-method> <!-- testDeleteUser -->
      </class> <!-- com.petstore.api.test.DataDrivenTest -->
    </test> <!-- InitialTest -->
  </suite> <!-- Suite -->
</testng-results>
